C51 COMPILER V9.55   LCD                                                                   04/23/2018 17:51:56 PAGE 1   


C51 COMPILER V9.55, COMPILATION OF MODULE LCD
OBJECT MODULE PLACED IN LCD.OBJ
COMPILER INVOKED BY: C:\Keil\C51\BIN\c51.exe LCD.h DB OE BR INCDIR(C:\SiLabs\MCU\Inc)

line level    source

   1          //
   2          // LCD Interface
   3          //
   4          // This module initializes the 64x128 LCD module, declares a shadow memory
   5          // in external memory, and provides subroutines to blank the shadow memory
   6          // and/or copy that memory to the LCD.
   7          //
   8          //
   9          // initialize LCD - Call this once at the beginning of time.
  10          // It sets up LCD hardware, blanks the shadow memory then displays it on
  11          // the screen.
  12          //
  13          void init_lcd(void);
  14          
  15          //
  16          // Copy shadow memory to LCD screen.
  17          //
  18          void refresh_screen(void);
  19          
  20          //
  21          // Clear the shadow memory.
  22          //
  23          void blank_screen(void);
  24          
  25          //
  26          // Shadow memory. 1024 bytes. Eight 128-byte pages. Each page corresponds
  27          // to 8 rows of pixels. screen[0] is upper left, screen[127] is upper right,
  28          // screen[1023] is lower right. Least significant bit of each byte is on the
  29          // top pixel row of its page.
  30          //
  31          extern xdata char screen[];
  32          
  33          //
  34          // Handy 5x7 font that will come in handy in later labs. Always put at least
  35          // a one pixel space between characters.
  36          // 
  37          extern code char font5x8[];
  38          
  39          extern code char score5x8[];


MODULE INFORMATION:   STATIC OVERLAYABLE
   CODE SIZE        =   ----    ----
   CONSTANT SIZE    =   ----    ----
   XDATA SIZE       =   ----    ----
   PDATA SIZE       =   ----    ----
   DATA SIZE        =   ----    ----
   IDATA SIZE       =   ----    ----
   BIT SIZE         =   ----    ----
END OF MODULE INFORMATION.


C51 COMPILATION COMPLETE.  0 WARNING(S),  0 ERROR(S)
